CRITICAL - 2023-12-09 05:09:23 --> Call to a member function select() on null
in APPPATH\Models\KasusModel.php on line 47.
 1 APPPATH\Controllers\Api.php(24): App\Models\KasusModel->GetKasus()
 2 SYSTEMPATH\CodeIgniter.php(942): App\Controllers\Api->index()
 3 SYSTEMPATH\CodeIgniter.php(502): CodeIgniter\CodeIgniter->runController(Object(App\Controllers\Api))
 4 SYSTEMPATH\CodeIgniter.php(361): CodeIgniter\CodeIgniter->handleRequest(null, Object(Config\Cache), false)
 5 FCPATH\index.php(79): CodeIgniter\CodeIgniter->run()
 6 SYSTEMPATH\Commands\Server\rewrite.php(47): require_once('D:\\Code\\PHP\\finalcbr-kel10\\backend\\public\\index.php')
ERROR - 2023-12-09 05:17:34 --> mysqli_sql_exception: Unknown column 'siswa.nama_siswa' in 'field list' in D:\Code\PHP\finalcbr-kel10\backend\vendor\codeigniter4\framework\system\Database\MySQLi\Connection.php:306
Stack trace:
#0 D:\Code\PHP\finalcbr-kel10\backend\vendor\codeigniter4\framework\system\Database\MySQLi\Connection.php(306): mysqli->query('SELECT `kasus`....', 0)
#1 D:\Code\PHP\finalcbr-kel10\backend\vendor\codeigniter4\framework\system\Database\BaseConnection.php(693): CodeIgniter\Database\MySQLi\Connection->execute('SELECT `kasus`....')
#2 D:\Code\PHP\finalcbr-kel10\backend\vendor\codeigniter4\framework\system\Database\BaseConnection.php(607): CodeIgniter\Database\BaseConnection->simpleQuery('SELECT `kasus`....')
#3 D:\Code\PHP\finalcbr-kel10\backend\vendor\codeigniter4\framework\system\Database\BaseBuilder.php(1615): CodeIgniter\Database\BaseConnection->query('SELECT `kasus`....', Array, false)
#4 D:\Code\PHP\finalcbr-kel10\backend\app\Models\KasusModel.php(48): CodeIgniter\Database\BaseBuilder->get()
#5 D:\Code\PHP\finalcbr-kel10\backend\app\Controllers\Api.php(24): App\Models\KasusModel->GetKasus()
#6 D:\Code\PHP\finalcbr-kel10\backend\vendor\codeigniter4\framework\system\CodeIgniter.php(942): App\Controllers\Api->index()
#7 D:\Code\PHP\finalcbr-kel10\backend\vendor\codeigniter4\framework\system\CodeIgniter.php(502): CodeIgniter\CodeIgniter->runController(Object(App\Controllers\Api))
#8 D:\Code\PHP\finalcbr-kel10\backend\vendor\codeigniter4\framework\system\CodeIgniter.php(361): CodeIgniter\CodeIgniter->handleRequest(NULL, Object(Config\Cache), false)
#9 D:\Code\PHP\finalcbr-kel10\backend\public\index.php(79): CodeIgniter\CodeIgniter->run()
#10 D:\Code\PHP\finalcbr-kel10\backend\vendor\codeigniter4\framework\system\Commands\Server\rewrite.php(47): require_once('D:\\Code\\PHP\\fin...')
#11 {main}
CRITICAL - 2023-12-09 05:17:34 --> Unknown column 'siswa.nama_siswa' in 'field list'
in SYSTEMPATH\Database\BaseConnection.php on line 647.
 1 SYSTEMPATH\Database\BaseBuilder.php(1615): CodeIgniter\Database\BaseConnection->query('SELECT `kasus`.*, `siswa`.`nama_siswa`
FROM `kasus`
JOIN `siswa` ON `id_siswa` = `id_siswa`', [], false)
 2 APPPATH\Models\KasusModel.php(48): CodeIgniter\Database\BaseBuilder->get()
 3 APPPATH\Controllers\Api.php(24): App\Models\KasusModel->GetKasus()
 4 SYSTEMPATH\CodeIgniter.php(942): App\Controllers\Api->index()
 5 SYSTEMPATH\CodeIgniter.php(502): CodeIgniter\CodeIgniter->runController(Object(App\Controllers\Api))
 6 SYSTEMPATH\CodeIgniter.php(361): CodeIgniter\CodeIgniter->handleRequest(null, Object(Config\Cache), false)
 7 FCPATH\index.php(79): CodeIgniter\CodeIgniter->run()
 8 SYSTEMPATH\Commands\Server\rewrite.php(47): require_once('D:\\Code\\PHP\\finalcbr-kel10\\backend\\public\\index.php')
ERROR - 2023-12-09 05:18:00 --> mysqli_sql_exception: Column 'id_siswa' in on clause is ambiguous in D:\Code\PHP\finalcbr-kel10\backend\vendor\codeigniter4\framework\system\Database\MySQLi\Connection.php:306
Stack trace:
#0 D:\Code\PHP\finalcbr-kel10\backend\vendor\codeigniter4\framework\system\Database\MySQLi\Connection.php(306): mysqli->query('SELECT `kasus`....', 0)
#1 D:\Code\PHP\finalcbr-kel10\backend\vendor\codeigniter4\framework\system\Database\BaseConnection.php(693): CodeIgniter\Database\MySQLi\Connection->execute('SELECT `kasus`....')
#2 D:\Code\PHP\finalcbr-kel10\backend\vendor\codeigniter4\framework\system\Database\BaseConnection.php(607): CodeIgniter\Database\BaseConnection->simpleQuery('SELECT `kasus`....')
#3 D:\Code\PHP\finalcbr-kel10\backend\vendor\codeigniter4\framework\system\Database\BaseBuilder.php(1615): CodeIgniter\Database\BaseConnection->query('SELECT `kasus`....', Array, false)
#4 D:\Code\PHP\finalcbr-kel10\backend\app\Models\KasusModel.php(48): CodeIgniter\Database\BaseBuilder->get()
#5 D:\Code\PHP\finalcbr-kel10\backend\app\Controllers\Api.php(24): App\Models\KasusModel->GetKasus()
#6 D:\Code\PHP\finalcbr-kel10\backend\vendor\codeigniter4\framework\system\CodeIgniter.php(942): App\Controllers\Api->index()
#7 D:\Code\PHP\finalcbr-kel10\backend\vendor\codeigniter4\framework\system\CodeIgniter.php(502): CodeIgniter\CodeIgniter->runController(Object(App\Controllers\Api))
#8 D:\Code\PHP\finalcbr-kel10\backend\vendor\codeigniter4\framework\system\CodeIgniter.php(361): CodeIgniter\CodeIgniter->handleRequest(NULL, Object(Config\Cache), false)
#9 D:\Code\PHP\finalcbr-kel10\backend\public\index.php(79): CodeIgniter\CodeIgniter->run()
#10 D:\Code\PHP\finalcbr-kel10\backend\vendor\codeigniter4\framework\system\Commands\Server\rewrite.php(47): require_once('D:\\Code\\PHP\\fin...')
#11 {main}
CRITICAL - 2023-12-09 05:18:00 --> Column 'id_siswa' in on clause is ambiguous
in SYSTEMPATH\Database\BaseConnection.php on line 647.
 1 SYSTEMPATH\Database\BaseBuilder.php(1615): CodeIgniter\Database\BaseConnection->query('SELECT `kasus`.*, `siswa`.`kelas`
FROM `kasus`
JOIN `siswa` ON `id_siswa` = `id_siswa`', [], false)
 2 APPPATH\Models\KasusModel.php(48): CodeIgniter\Database\BaseBuilder->get()
 3 APPPATH\Controllers\Api.php(24): App\Models\KasusModel->GetKasus()
 4 SYSTEMPATH\CodeIgniter.php(942): App\Controllers\Api->index()
 5 SYSTEMPATH\CodeIgniter.php(502): CodeIgniter\CodeIgniter->runController(Object(App\Controllers\Api))
 6 SYSTEMPATH\CodeIgniter.php(361): CodeIgniter\CodeIgniter->handleRequest(null, Object(Config\Cache), false)
 7 FCPATH\index.php(79): CodeIgniter\CodeIgniter->run()
 8 SYSTEMPATH\Commands\Server\rewrite.php(47): require_once('D:\\Code\\PHP\\finalcbr-kel10\\backend\\public\\index.php')
ERROR - 2023-12-09 05:18:03 --> mysqli_sql_exception: Column 'id_siswa' in on clause is ambiguous in D:\Code\PHP\finalcbr-kel10\backend\vendor\codeigniter4\framework\system\Database\MySQLi\Connection.php:306
Stack trace:
#0 D:\Code\PHP\finalcbr-kel10\backend\vendor\codeigniter4\framework\system\Database\MySQLi\Connection.php(306): mysqli->query('SELECT `kasus`....', 0)
#1 D:\Code\PHP\finalcbr-kel10\backend\vendor\codeigniter4\framework\system\Database\BaseConnection.php(693): CodeIgniter\Database\MySQLi\Connection->execute('SELECT `kasus`....')
#2 D:\Code\PHP\finalcbr-kel10\backend\vendor\codeigniter4\framework\system\Database\BaseConnection.php(607): CodeIgniter\Database\BaseConnection->simpleQuery('SELECT `kasus`....')
#3 D:\Code\PHP\finalcbr-kel10\backend\vendor\codeigniter4\framework\system\Database\BaseBuilder.php(1615): CodeIgniter\Database\BaseConnection->query('SELECT `kasus`....', Array, false)
#4 D:\Code\PHP\finalcbr-kel10\backend\app\Models\KasusModel.php(48): CodeIgniter\Database\BaseBuilder->get()
#5 D:\Code\PHP\finalcbr-kel10\backend\app\Controllers\Api.php(24): App\Models\KasusModel->GetKasus()
#6 D:\Code\PHP\finalcbr-kel10\backend\vendor\codeigniter4\framework\system\CodeIgniter.php(942): App\Controllers\Api->index()
#7 D:\Code\PHP\finalcbr-kel10\backend\vendor\codeigniter4\framework\system\CodeIgniter.php(502): CodeIgniter\CodeIgniter->runController(Object(App\Controllers\Api))
#8 D:\Code\PHP\finalcbr-kel10\backend\vendor\codeigniter4\framework\system\CodeIgniter.php(361): CodeIgniter\CodeIgniter->handleRequest(NULL, Object(Config\Cache), false)
#9 D:\Code\PHP\finalcbr-kel10\backend\public\index.php(79): CodeIgniter\CodeIgniter->run()
#10 D:\Code\PHP\finalcbr-kel10\backend\vendor\codeigniter4\framework\system\Commands\Server\rewrite.php(47): require_once('D:\\Code\\PHP\\fin...')
#11 {main}
CRITICAL - 2023-12-09 05:18:03 --> Column 'id_siswa' in on clause is ambiguous
in SYSTEMPATH\Database\BaseConnection.php on line 647.
 1 SYSTEMPATH\Database\BaseBuilder.php(1615): CodeIgniter\Database\BaseConnection->query('SELECT `kasus`.*, `siswa`.`kelas`
FROM `kasus`
JOIN `siswa` ON `id_siswa` = `id_siswa`', [], false)
 2 APPPATH\Models\KasusModel.php(48): CodeIgniter\Database\BaseBuilder->get()
 3 APPPATH\Controllers\Api.php(24): App\Models\KasusModel->GetKasus()
 4 SYSTEMPATH\CodeIgniter.php(942): App\Controllers\Api->index()
 5 SYSTEMPATH\CodeIgniter.php(502): CodeIgniter\CodeIgniter->runController(Object(App\Controllers\Api))
 6 SYSTEMPATH\CodeIgniter.php(361): CodeIgniter\CodeIgniter->handleRequest(null, Object(Config\Cache), false)
 7 FCPATH\index.php(79): CodeIgniter\CodeIgniter->run()
 8 SYSTEMPATH\Commands\Server\rewrite.php(47): require_once('D:\\Code\\PHP\\finalcbr-kel10\\backend\\public\\index.php')
ERROR - 2023-12-09 05:36:28 --> mysqli_sql_exception: You have an error in your SQL syntax; check the manual that corresponds to your MariaDB server version for the right syntax to use near 'USING ()' at line 4 in D:\Code\PHP\finalcbr-kel10\backend\vendor\codeigniter4\framework\system\Database\MySQLi\Connection.php:306
Stack trace:
#0 D:\Code\PHP\finalcbr-kel10\backend\vendor\codeigniter4\framework\system\Database\MySQLi\Connection.php(306): mysqli->query('SELECT `base_ca...', 0)
#1 D:\Code\PHP\finalcbr-kel10\backend\vendor\codeigniter4\framework\system\Database\BaseConnection.php(693): CodeIgniter\Database\MySQLi\Connection->execute('SELECT `base_ca...')
#2 D:\Code\PHP\finalcbr-kel10\backend\vendor\codeigniter4\framework\system\Database\BaseConnection.php(607): CodeIgniter\Database\BaseConnection->simpleQuery('SELECT `base_ca...')
#3 D:\Code\PHP\finalcbr-kel10\backend\vendor\codeigniter4\framework\system\Database\BaseBuilder.php(1615): CodeIgniter\Database\BaseConnection->query('SELECT `base_ca...', Array, false)
#4 D:\Code\PHP\finalcbr-kel10\backend\app\Models\BaseCaseModel.php(52): CodeIgniter\Database\BaseBuilder->get()
#5 D:\Code\PHP\finalcbr-kel10\backend\app\Controllers\Api.php(19): App\Models\BaseCaseModel->GetKasus()
#6 D:\Code\PHP\finalcbr-kel10\backend\vendor\codeigniter4\framework\system\CodeIgniter.php(942): App\Controllers\Api->index()
#7 D:\Code\PHP\finalcbr-kel10\backend\vendor\codeigniter4\framework\system\CodeIgniter.php(502): CodeIgniter\CodeIgniter->runController(Object(App\Controllers\Api))
#8 D:\Code\PHP\finalcbr-kel10\backend\vendor\codeigniter4\framework\system\CodeIgniter.php(361): CodeIgniter\CodeIgniter->handleRequest(NULL, Object(Config\Cache), false)
#9 D:\Code\PHP\finalcbr-kel10\backend\public\index.php(79): CodeIgniter\CodeIgniter->run()
#10 D:\Code\PHP\finalcbr-kel10\backend\vendor\codeigniter4\framework\system\Commands\Server\rewrite.php(47): require_once('D:\\Code\\PHP\\fin...')
#11 {main}
CRITICAL - 2023-12-09 05:36:28 --> You have an error in your SQL syntax; check the manual that corresponds to your MariaDB server version for the right syntax to use near 'USING ()' at line 4
in SYSTEMPATH\Database\BaseConnection.php on line 647.
 1 SYSTEMPATH\Database\BaseBuilder.php(1615): CodeIgniter\Database\BaseConnection->query('SELECT `base_case`.*, `siswa`.*
FROM `base_case`
JOIN `kasus` ON `kasus`.`id_kasus` = `base_case`.`id_kasus`
JOIN  USING ()', [], false)
 2 APPPATH\Models\BaseCaseModel.php(52): CodeIgniter\Database\BaseBuilder->get()
 3 APPPATH\Controllers\Api.php(19): App\Models\BaseCaseModel->GetKasus()
 4 SYSTEMPATH\CodeIgniter.php(942): App\Controllers\Api->index()
 5 SYSTEMPATH\CodeIgniter.php(502): CodeIgniter\CodeIgniter->runController(Object(App\Controllers\Api))
 6 SYSTEMPATH\CodeIgniter.php(361): CodeIgniter\CodeIgniter->handleRequest(null, Object(Config\Cache), false)
 7 FCPATH\index.php(79): CodeIgniter\CodeIgniter->run()
 8 SYSTEMPATH\Commands\Server\rewrite.php(47): require_once('D:\\Code\\PHP\\finalcbr-kel10\\backend\\public\\index.php')
CRITICAL - 2023-12-09 05:48:22 --> Call to undefined function App\Controllers\n12br()
in APPPATH\Controllers\Api.php on line 22.
 1 SYSTEMPATH\CodeIgniter.php(942): App\Controllers\Api->index()
 2 SYSTEMPATH\CodeIgniter.php(502): CodeIgniter\CodeIgniter->runController(Object(App\Controllers\Api))
 3 SYSTEMPATH\CodeIgniter.php(361): CodeIgniter\CodeIgniter->handleRequest(null, Object(Config\Cache), false)
 4 FCPATH\index.php(79): CodeIgniter\CodeIgniter->run()
 5 SYSTEMPATH\Commands\Server\rewrite.php(47): require_once('D:\\Code\\PHP\\finalcbr-kel10\\backend\\public\\index.php')
